# JRE version: 7.0_11-b21
# Java VM: Java HotSpot(TM) 64-Bit Server VM (23.6-b04 mixed mode windows-amd64 compressed oops)
Heap
 PSYoungGen      total 94784K, used 30407K [0x00000000fa000000, 0x0000000100000000, 0x0000000100000000)
  eden space 92800K, 30% used [0x00000000fa000000,0x00000000fbbc63c0,0x00000000ffaa0000)
  from space 1984K, 99% used [0x00000000ffaa0000,0x00000000ffc8ba68,0x00000000ffc90000)
  to   space 2816K, 0% used [0x00000000ffd40000,0x00000000ffd40000,0x0000000100000000)
 ParOldGen       total 114880K, used 98703K [0x00000000e8000000, 0x00000000ef030000, 0x00000000fa000000)
  object space 114880K, 85% used [0x00000000e8000000,0x00000000ee063df8,0x00000000ef030000)
 PSPermGen       total 120064K, used 63444K [0x00000000e0000000, 0x00000000e7540000, 0x00000000e8000000)
  object space 120064K, 52% used [0x00000000e0000000,0x00000000e3df50b8,0x00000000e7540000)
GC Heap History (10 events):
Event: 7311.556 GC heap before
{Heap before GC invocations=936 (full 3):
 PSYoungGen      total 95616K, used 94812K [0x00000000fa000000, 0x0000000100000000, 0x0000000100000000)
  eden space 93056K, 100% used [0x00000000fa000000,0x00000000ffae0000,0x00000000ffae0000)
  from space 2560K, 68% used [0x00000000ffd80000,0x00000000fff37398,0x0000000100000000)
  to   space 2624K, 0% used [0x00000000ffae0000,0x00000000ffae0000,0x00000000ffd70000)
 ParOldGen       total 114880K, used 98575K [0x00000000e8000000, 0x00000000ef030000, 0x00000000fa000000)
  object space 114880K, 85% used [0x00000000e8000000,0x00000000ee043e38,0x00000000ef030000)
 PSPermGen       total 120064K, used 63444K [0x00000000e0000000, 0x00000000e7540000, 0x00000000e8000000)
  object space 120064K, 52% used [0x00000000e0000000,0x00000000e3df50b8,0x00000000e7540000)
Event: 7311.562 GC heap after
Heap after GC invocations=936 (full 3):
 PSYoungGen      total 95680K, used 1688K [0x00000000fa000000, 0x0000000100000000, 0x0000000100000000)
  eden space 93056K, 0% used [0x00000000fa000000,0x00000000fa000000,0x00000000ffae0000)
  from space 2624K, 64% used [0x00000000ffae0000,0x00000000ffc86048,0x00000000ffd70000)
  to   space 2624K, 0% used [0x00000000ffd70000,0x00000000ffd70000,0x0000000100000000)
 ParOldGen       total 114880K, used 98599K [0x00000000e8000000, 0x00000000ef030000, 0x00000000fa000000)
  object space 114880K, 85% used [0x00000000e8000000,0x00000000ee049e38,0x00000000ef030000)
 PSPermGen       total 120064K, used 63444K [0x00000000e0000000, 0x00000000e7540000, 0x00000000e8000000)
  object space 120064K, 52% used [0x00000000e0000000,0x00000000e3df50b8,0x00000000e7540000)
}
Event: 7316.572 GC heap before
{Heap before GC invocations=937 (full 3):
 PSYoungGen      total 95680K, used 94744K [0x00000000fa000000, 0x0000000100000000, 0x0000000100000000)
  eden space 93056K, 100% used [0x00000000fa000000,0x00000000ffae0000,0x00000000ffae0000)
  from space 2624K, 64% used [0x00000000ffae0000,0x00000000ffc86048,0x00000000ffd70000)
  to   space 2624K, 0% used [0x00000000ffd70000,0x00000000ffd70000,0x0000000100000000)
 ParOldGen       total 114880K, used 98599K [0x00000000e8000000, 0x00000000ef030000, 0x00000000fa000000)
  object space 114880K, 85% used [0x00000000e8000000,0x00000000ee049e38,0x00000000ef030000)
 PSPermGen       total 120064K, used 63444K [0x00000000e0000000, 0x00000000e7540000, 0x00000000e8000000)
  object space 120064K, 52% used [0x00000000e0000000,0x00000000e3df50b8,0x00000000e7540000)
Event: 7316.576 GC heap after
Heap after GC invocations=937 (full 3):
 PSYoungGen      total 95680K, used 1690K [0x00000000fa000000, 0x0000000100000000, 0x0000000100000000)
  eden space 93056K, 0% used [0x00000000fa000000,0x00000000fa000000,0x00000000ffae0000)
  from space 2624K, 64% used [0x00000000ffd70000,0x00000000fff16a20,0x0000000100000000)
  to   space 2624K, 0% used [0x00000000ffae0000,0x00000000ffae0000,0x00000000ffd70000)
 ParOldGen       total 114880K, used 98615K [0x00000000e8000000, 0x00000000ef030000, 0x00000000fa000000)
  object space 114880K, 85% used [0x00000000e8000000,0x00000000ee04de38,0x00000000ef030000)
 PSPermGen       total 120064K, used 63444K [0x00000000e0000000, 0x00000000e7540000, 0x00000000e8000000)
  object space 120064K, 52% used [0x00000000e0000000,0x00000000e3df50b8,0x00000000e7540000)
}
Event: 7321.132 GC heap before
{Heap before GC invocations=938 (full 3):
 PSYoungGen      total 95680K, used 94746K [0x00000000fa000000, 0x0000000100000000, 0x0000000100000000)
  eden space 93056K, 100% used [0x00000000fa000000,0x00000000ffae0000,0x00000000ffae0000)
  from space 2624K, 64% used [0x00000000ffd70000,0x00000000fff16a20,0x0000000100000000)
  to   space 2624K, 0% used [0x00000000ffae0000,0x00000000ffae0000,0x00000000ffd70000)
 ParOldGen       total 114880K, used 98615K [0x00000000e8000000, 0x00000000ef030000, 0x00000000fa000000)
  object space 114880K, 85% used [0x00000000e8000000,0x00000000ee04de38,0x00000000ef030000)
 PSPermGen       total 120064K, used 63444K [0x00000000e0000000, 0x00000000e7540000, 0x00000000e8000000)
  object space 120064K, 52% used [0x00000000e0000000,0x00000000e3df50b8,0x00000000e7540000)
Event: 7321.137 GC heap after
Heap after GC invocations=938 (full 3):
 PSYoungGen      total 94976K, used 1868K [0x00000000fa000000, 0x0000000100000000, 0x0000000100000000)
  eden space 93056K, 0% used [0x00000000fa000000,0x00000000fa000000,0x00000000ffae0000)
  from space 1920K, 97% used [0x00000000ffae0000,0x00000000ffcb31f0,0x00000000ffcc0000)
  to   space 2688K, 0% used [0x00000000ffd60000,0x00000000ffd60000,0x0000000100000000)
 ParOldGen       total 114880K, used 98639K [0x00000000e8000000, 0x00000000ef030000, 0x00000000fa000000)
  object space 114880K, 85% used [0x00000000e8000000,0x00000000ee053e38,0x00000000ef030000)
 PSPermGen       total 120064K, used 63444K [0x00000000e0000000, 0x00000000e7540000, 0x00000000e8000000)
  object space 120064K, 52% used [0x00000000e0000000,0x00000000e3df50b8,0x00000000e7540000)
}
Event: 7325.802 GC heap before
{Heap before GC invocations=939 (full 3):
 PSYoungGen      total 94976K, used 94924K [0x00000000fa000000, 0x0000000100000000, 0x0000000100000000)
  eden space 93056K, 100% used [0x00000000fa000000,0x00000000ffae0000,0x00000000ffae0000)
  from space 1920K, 97% used [0x00000000ffae0000,0x00000000ffcb31f0,0x00000000ffcc0000)
  to   space 2688K, 0% used [0x00000000ffd60000,0x00000000ffd60000,0x0000000100000000)
 ParOldGen       total 114880K, used 98640K [0x00000000e8000000, 0x00000000ef030000, 0x00000000fa000000)
  object space 114880K, 85% used [0x00000000e8000000,0x00000000ee0543e8,0x00000000ef030000)
 PSPermGen       total 120064K, used 63444K [0x00000000e0000000, 0x00000000e7540000, 0x00000000e8000000)
  object space 120064K, 52% used [0x00000000e0000000,0x00000000e3df50b8,0x00000000e7540000)
Event: 7325.807 GC heap after
Heap after GC invocations=939 (full 3):
 PSYoungGen      total 95488K, used 1881K [0x00000000fa000000, 0x0000000100000000, 0x0000000100000000)
  eden space 92800K, 0% used [0x00000000fa000000,0x00000000fa000000,0x00000000ffaa0000)
  from space 2688K, 69% used [0x00000000ffd60000,0x00000000fff365b8,0x0000000100000000)
  to   space 2752K, 0% used [0x00000000ffaa0000,0x00000000ffaa0000,0x00000000ffd50000)
 ParOldGen       total 114880K, used 98664K [0x00000000e8000000, 0x00000000ef030000, 0x00000000fa000000)
  object space 114880K, 85% used [0x00000000e8000000,0x00000000ee05a3e8,0x00000000ef030000)
 PSPermGen       total 120064K, used 63444K [0x00000000e0000000, 0x00000000e7540000, 0x00000000e8000000)
  object space 120064K, 52% used [0x00000000e0000000,0x00000000e3df50b8,0x00000000e7540000)
}
Event: 7330.934 GC heap before
{Heap before GC invocations=940 (full 3):
 PSYoungGen      total 95488K, used 94681K [0x00000000fa000000, 0x0000000100000000, 0x0000000100000000)
  eden space 92800K, 100% used [0x00000000fa000000,0x00000000ffaa0000,0x00000000ffaa0000)
  from space 2688K, 69% used [0x00000000ffd60000,0x00000000fff365b8,0x0000000100000000)
  to   space 2752K, 0% used [0x00000000ffaa0000,0x00000000ffaa0000,0x00000000ffd50000)
 ParOldGen       total 114880K, used 98671K [0x00000000e8000000, 0x00000000ef030000, 0x00000000fa000000)
  object space 114880K, 85% used [0x00000000e8000000,0x00000000ee05bdf8,0x00000000ef030000)
 PSPermGen       total 120064K, used 63444K [0x00000000e0000000, 0x00000000e7540000, 0x00000000e8000000)
  object space 120064K, 52% used [0x00000000e0000000,0x00000000e3df50b8,0x00000000e7540000)
Event: 7330.938 GC heap after
Heap after GC invocations=940 (full 3):
 PSYoungGen      total 94784K, used 1966K [0x00000000fa000000, 0x0000000100000000, 0x0000000100000000)
  eden space 92800K, 0% used [0x00000000fa000000,0x00000000fa000000,0x00000000ffaa0000)
  from space 1984K, 99% used [0x00000000ffaa0000,0x00000000ffc8ba68,0x00000000ffc90000)
  to   space 2816K, 0% used [0x00000000ffd40000,0x00000000ffd40000,0x0000000100000000)
 ParOldGen       total 114880K, used 98703K [0x00000000e8000000, 0x00000000ef030000, 0x00000000fa000000)
  object space 114880K, 85% used [0x00000000e8000000,0x00000000ee063df8,0x00000000ef030000)
 PSPermGen       total 120064K, used 63444K [0x00000000e0000000, 0x00000000e7540000, 0x00000000e8000000)
  object space 120064K, 52% used [0x00000000e0000000,0x00000000e3df50b8,0x00000000e7540000)
}

